#! /usr/bin/vvp
:ivl_version "12.0 (stable)";
:ivl_delay_selection "TYPICAL";
:vpi_time_precision - 12;
:vpi_module "/usr/lib/x86_64-linux-gnu/ivl/system.vpi";
:vpi_module "/usr/lib/x86_64-linux-gnu/ivl/vhdl_sys.vpi";
:vpi_module "/usr/lib/x86_64-linux-gnu/ivl/vhdl_textio.vpi";
:vpi_module "/usr/lib/x86_64-linux-gnu/ivl/v2005_math.vpi";
:vpi_module "/usr/lib/x86_64-linux-gnu/ivl/va_math.vpi";
S_0x572ce4036d50 .scope module, "alu_tb" "alu_tb" 2 3;
 .timescale -9 -12;
v0x572ce4053790_0 .var "a", 3 0;
v0x572ce4053870_0 .var "b", 3 0;
v0x572ce4053910_0 .var "op", 2 0;
v0x572ce4053a10_0 .net "result", 3 0, L_0x572ce4053bd0;  1 drivers
v0x572ce4053ae0_0 .net "zero", 0 0, L_0x572ce4063e40;  1 drivers
S_0x572ce4036ee0 .scope module, "dut" "alu" 2 11, 3 1 0, S_0x572ce4036d50;
 .timescale 0 0;
    .port_info 0 /INPUT 4 "a";
    .port_info 1 /INPUT 4 "b";
    .port_info 2 /INPUT 3 "op";
    .port_info 3 /OUTPUT 4 "result";
    .port_info 4 /OUTPUT 1 "zero";
L_0x572ce4053bd0 .functor BUFZ 4, v0x572ce4053040_0, C4<0000>, C4<0000>, C4<0000>;
v0x572ce40370e0_0 .net *"_ivl_2", 31 0, L_0x572ce4053c90;  1 drivers
L_0x74b27be6e018 .functor BUFT 1, C4<0000000000000000000000000000>, C4<0>, C4<0>, C4<0>;
v0x572ce4052ad0_0 .net *"_ivl_5", 27 0, L_0x74b27be6e018;  1 drivers
L_0x74b27be6e060 .functor BUFT 1, C4<00000000000000000000000000000000>, C4<0>, C4<0>, C4<0>;
v0x572ce4052bb0_0 .net/2u *"_ivl_6", 31 0, L_0x74b27be6e060;  1 drivers
v0x572ce4052c70_0 .net "a", 3 0, v0x572ce4053790_0;  1 drivers
v0x572ce4052d50_0 .net "b", 3 0, v0x572ce4053870_0;  1 drivers
v0x572ce4052e80_0 .net "op", 2 0, v0x572ce4053910_0;  1 drivers
v0x572ce4052f60_0 .net "result", 3 0, L_0x572ce4053bd0;  alias, 1 drivers
v0x572ce4053040_0 .var "result_reg", 3 0;
v0x572ce4053120_0 .net "zero", 0 0, L_0x572ce4063e40;  alias, 1 drivers
E_0x572ce3ffbf20 .event anyedge, v0x572ce4052e80_0, v0x572ce4052c70_0, v0x572ce4052d50_0;
L_0x572ce4053c90 .concat [ 4 28 0 0], v0x572ce4053040_0, L_0x74b27be6e018;
L_0x572ce4063e40 .cmp/eq 32, L_0x572ce4053c90, L_0x74b27be6e060;
S_0x572ce4053280 .scope task, "test_case" "test_case" 2 18, 2 18 0, S_0x572ce4036d50;
 .timescale -9 -12;
v0x572ce4053430_0 .var "expected", 3 0;
v0x572ce4053510_0 .var "ta", 3 0;
v0x572ce40535f0_0 .var "tb", 3 0;
v0x572ce40536b0_0 .var "top", 2 0;
TD_alu_tb.test_case ;
    %load/vec4 v0x572ce4053510_0;
    %store/vec4 v0x572ce4053790_0, 0, 4;
    %load/vec4 v0x572ce40535f0_0;
    %store/vec4 v0x572ce4053870_0, 0, 4;
    %load/vec4 v0x572ce40536b0_0;
    %store/vec4 v0x572ce4053910_0, 0, 3;
    %delay 1000, 0;
    %load/vec4 v0x572ce4053a10_0;
    %load/vec4 v0x572ce4053430_0;
    %cmp/ne;
    %jmp/0xz  T_0.0, 6;
    %vpi_call 2 31 "$display", "[ERRO] a=%d, b=%d, op=%b -> result=%d (esperado=%d)", v0x572ce4053790_0, v0x572ce4053870_0, v0x572ce4053910_0, v0x572ce4053a10_0, v0x572ce4053430_0 {0 0 0};
    %jmp T_0.1;
T_0.0 ;
    %vpi_call 2 33 "$display", "[OK] a=%d, b=%d, op=%b -> result=%d", v0x572ce4053790_0, v0x572ce4053870_0, v0x572ce4053910_0, v0x572ce4053a10_0 {0 0 0};
T_0.1 ;
    %end;
    .scope S_0x572ce4036ee0;
T_1 ;
    %wait E_0x572ce3ffbf20;
    %load/vec4 v0x572ce4052e80_0;
    %dup/vec4;
    %pushi/vec4 0, 0, 3;
    %cmp/u;
    %jmp/1 T_1.0, 6;
    %dup/vec4;
    %pushi/vec4 1, 0, 3;
    %cmp/u;
    %jmp/1 T_1.1, 6;
    %dup/vec4;
    %pushi/vec4 2, 0, 3;
    %cmp/u;
    %jmp/1 T_1.2, 6;
    %dup/vec4;
    %pushi/vec4 3, 0, 3;
    %cmp/u;
    %jmp/1 T_1.3, 6;
    %dup/vec4;
    %pushi/vec4 4, 0, 3;
    %cmp/u;
    %jmp/1 T_1.4, 6;
    %pushi/vec4 0, 0, 4;
    %store/vec4 v0x572ce4053040_0, 0, 4;
    %jmp T_1.6;
T_1.0 ;
    %load/vec4 v0x572ce4052c70_0;
    %load/vec4 v0x572ce4052d50_0;
    %add;
    %store/vec4 v0x572ce4053040_0, 0, 4;
    %jmp T_1.6;
T_1.1 ;
    %load/vec4 v0x572ce4052c70_0;
    %load/vec4 v0x572ce4052d50_0;
    %sub;
    %store/vec4 v0x572ce4053040_0, 0, 4;
    %jmp T_1.6;
T_1.2 ;
    %load/vec4 v0x572ce4052c70_0;
    %load/vec4 v0x572ce4052d50_0;
    %and;
    %store/vec4 v0x572ce4053040_0, 0, 4;
    %jmp T_1.6;
T_1.3 ;
    %load/vec4 v0x572ce4052c70_0;
    %load/vec4 v0x572ce4052d50_0;
    %or;
    %store/vec4 v0x572ce4053040_0, 0, 4;
    %jmp T_1.6;
T_1.4 ;
    %load/vec4 v0x572ce4052c70_0;
    %load/vec4 v0x572ce4052d50_0;
    %cmp/u;
    %flag_mov 8, 5;
    %jmp/0 T_1.7, 8;
    %pushi/vec4 1, 0, 4;
    %jmp/1 T_1.8, 8;
T_1.7 ; End of true expr.
    %pushi/vec4 0, 0, 4;
    %jmp/0 T_1.8, 8;
 ; End of false expr.
    %blend;
T_1.8;
    %store/vec4 v0x572ce4053040_0, 0, 4;
    %jmp T_1.6;
T_1.6 ;
    %pop/vec4 1;
    %jmp T_1;
    .thread T_1, $push;
    .scope S_0x572ce4036d50;
T_2 ;
    %vpi_call 2 39 "$dumpfile", "../out/alu_tb.vcd" {0 0 0};
    %vpi_call 2 40 "$dumpvars", 32'sb00000000000000000000000000000000, S_0x572ce4036d50 {0 0 0};
    %vpi_call 2 42 "$display", "In\303\255cio do teste da ALU" {0 0 0};
    %pushi/vec4 4, 0, 4;
    %store/vec4 v0x572ce4053510_0, 0, 4;
    %pushi/vec4 3, 0, 4;
    %store/vec4 v0x572ce40535f0_0, 0, 4;
    %pushi/vec4 0, 0, 3;
    %store/vec4 v0x572ce40536b0_0, 0, 3;
    %pushi/vec4 7, 0, 4;
    %store/vec4 v0x572ce4053430_0, 0, 4;
    %fork TD_alu_tb.test_case, S_0x572ce4053280;
    %join;
    %pushi/vec4 4, 0, 4;
    %store/vec4 v0x572ce4053510_0, 0, 4;
    %pushi/vec4 3, 0, 4;
    %store/vec4 v0x572ce40535f0_0, 0, 4;
    %pushi/vec4 1, 0, 3;
    %store/vec4 v0x572ce40536b0_0, 0, 3;
    %pushi/vec4 1, 0, 4;
    %store/vec4 v0x572ce4053430_0, 0, 4;
    %fork TD_alu_tb.test_case, S_0x572ce4053280;
    %join;
    %pushi/vec4 4, 0, 4;
    %store/vec4 v0x572ce4053510_0, 0, 4;
    %pushi/vec4 3, 0, 4;
    %store/vec4 v0x572ce40535f0_0, 0, 4;
    %pushi/vec4 2, 0, 3;
    %store/vec4 v0x572ce40536b0_0, 0, 3;
    %pushi/vec4 0, 0, 4;
    %store/vec4 v0x572ce4053430_0, 0, 4;
    %fork TD_alu_tb.test_case, S_0x572ce4053280;
    %join;
    %pushi/vec4 2, 0, 4;
    %store/vec4 v0x572ce4053510_0, 0, 4;
    %pushi/vec4 3, 0, 4;
    %store/vec4 v0x572ce40535f0_0, 0, 4;
    %pushi/vec4 3, 0, 3;
    %store/vec4 v0x572ce40536b0_0, 0, 3;
    %pushi/vec4 3, 0, 4;
    %store/vec4 v0x572ce4053430_0, 0, 4;
    %fork TD_alu_tb.test_case, S_0x572ce4053280;
    %join;
    %pushi/vec4 2, 0, 4;
    %store/vec4 v0x572ce4053510_0, 0, 4;
    %pushi/vec4 3, 0, 4;
    %store/vec4 v0x572ce40535f0_0, 0, 4;
    %pushi/vec4 4, 0, 3;
    %store/vec4 v0x572ce40536b0_0, 0, 3;
    %pushi/vec4 1, 0, 4;
    %store/vec4 v0x572ce4053430_0, 0, 4;
    %fork TD_alu_tb.test_case, S_0x572ce4053280;
    %join;
    %pushi/vec4 3, 0, 4;
    %store/vec4 v0x572ce4053510_0, 0, 4;
    %pushi/vec4 2, 0, 4;
    %store/vec4 v0x572ce40535f0_0, 0, 4;
    %pushi/vec4 4, 0, 3;
    %store/vec4 v0x572ce40536b0_0, 0, 3;
    %pushi/vec4 0, 0, 4;
    %store/vec4 v0x572ce4053430_0, 0, 4;
    %fork TD_alu_tb.test_case, S_0x572ce4053280;
    %join;
    %pushi/vec4 0, 0, 4;
    %store/vec4 v0x572ce4053510_0, 0, 4;
    %pushi/vec4 0, 0, 4;
    %store/vec4 v0x572ce40535f0_0, 0, 4;
    %pushi/vec4 0, 0, 3;
    %store/vec4 v0x572ce40536b0_0, 0, 3;
    %pushi/vec4 0, 0, 4;
    %store/vec4 v0x572ce4053430_0, 0, 4;
    %fork TD_alu_tb.test_case, S_0x572ce4053280;
    %join;
    %vpi_call 2 52 "$display", "Fim dos testes" {0 0 0};
    %vpi_call 2 53 "$finish" {0 0 0};
    %end;
    .thread T_2;
# The file index is used to find the file name in the following table.
:file_names 4;
    "N/A";
    "<interactive>";
    "tb/alu_tb.v";
    "rt1/alu.v";
